<?xml version="1.0" encoding="UTF-8"?>
<!-- Generated by org.testng.reporters.JUnitXMLReporter -->
<testsuite ignored="0" hostname="Meena" failures="0" tests="3" name="Test" time="58.752" errors="0" timestamp="2023-07-27T15:23:02 IST">
  <testcase classname="EcommerceTesting.Amazon" name="amazontest" time="20.396"/>
  <testcase classname="EcommerceTesting.Flipkart" name="flipkarttest" time="21.338"/>
  <testcase classname="EcommerceTesting.Ajio" name="ajiotest" time="16.925"/>
</testsuite> <!-- Test -->
