<?xml version="1.0" encoding="UTF-8"?>
<testng-results ignored="0" total="3" passed="3" failed="0" skipped="0">
  <reporter-output>
    <line>
      <![CDATA[opening,amazon]]>
    </line>
    <line>
      <![CDATA[opening,flipkart]]>
    </line>
    <line>
      <![CDATA[Opening,ajio]]>
    </line>
  </reporter-output>
  <suite started-at="2023-07-27T15:22:03 IST" name="Suite" finished-at="2023-07-27T15:23:02 IST" duration-ms="58752">
    <groups>
    </groups>
    <test started-at="2023-07-27T15:22:03 IST" name="Test" finished-at="2023-07-27T15:23:02 IST" duration-ms="58752">
      <class name="EcommerceTesting.Amazon">
        <test-method signature="amazontest()[pri:0, instance:EcommerceTesting.Amazon@3a93b025]" started-at="2023-07-27T15:22:03 IST" name="amazontest" finished-at="2023-07-27T15:22:24 IST" duration-ms="20396" status="PASS">
          <reporter-output>
            <line>
              <![CDATA[opening,amazon]]>
            </line>
          </reporter-output>
        </test-method> <!-- amazontest -->
      </class> <!-- EcommerceTesting.Amazon -->
      <class name="EcommerceTesting.Ajio">
        <test-method signature="ajiotest()[pri:0, instance:EcommerceTesting.Ajio@8f4ea7c]" started-at="2023-07-27T15:22:45 IST" name="ajiotest" finished-at="2023-07-27T15:23:02 IST" duration-ms="16925" status="PASS">
          <reporter-output>
            <line>
              <![CDATA[Opening,ajio]]>
            </line>
          </reporter-output>
        </test-method> <!-- ajiotest -->
      </class> <!-- EcommerceTesting.Ajio -->
      <class name="EcommerceTesting.Flipkart">
        <test-method signature="flipkarttest()[pri:0, instance:EcommerceTesting.Flipkart@223d2c72]" started-at="2023-07-27T15:22:24 IST" name="flipkarttest" finished-at="2023-07-27T15:22:45 IST" duration-ms="21338" status="PASS">
          <reporter-output>
            <line>
              <![CDATA[opening,flipkart]]>
            </line>
          </reporter-output>
        </test-method> <!-- flipkarttest -->
      </class> <!-- EcommerceTesting.Flipkart -->
    </test> <!-- Test -->
  </suite> <!-- Suite -->
</testng-results>
